<?xml version="1.0" encoding="UTF-8"?>
<!-- Generated by org.testng.reporters.JUnitReportReporter -->
<testsuite skipped="0" hostname="DESKTOP-8PMDUJQ" name="com.mobileapp.project.BDI3.App" tests="1" failures="0" timestamp="22 Nov 2019 13:12:05 GMT" time="0.024" errors="0">
  <testcase name="Method" time="0.024" classname="com.mobileapp.project.BDI3.App"/>
</testsuite> <!-- com.mobileapp.project.BDI3.App -->
